#
# There is insufficient memory for the Java Runtime Environment to continue.
# Native memory allocation (malloc) failed to allocate 32784 bytes for Chunk::new
# Possible reasons:
#   The system is out of physical RAM or swap space
#   In 32 bit mode, the process size limit was hit
# Possible solutions:
#   Reduce memory load on the system
#   Increase physical memory or swap space
#   Check if swap backing store is full
#   Use 64 bit Java on a 64 bit OS
#   Decrease Java heap size (-Xmx/-Xms)
#   Decrease number of Java threads
#   Decrease Java thread stack sizes (-Xss)
#   Set larger code cache with -XX:ReservedCodeCacheSize=
# This output file may be truncated or incomplete.
#
#  Out of Memory Error (allocation.cpp:390), pid=94168, tid=0x00000000000205a4
#
# JRE version: Java(TM) SE Runtime Environment (8.0_181-b13) (build 1.8.0_181-b13)
# Java VM: Java HotSpot(TM) 64-Bit Server VM (25.181-b13 mixed mode windows-amd64 compressed oops)
# Failed to write core dump. Minidumps are not enabled by default on client versions of Windows
#

---------------  T H R E A D  ---------------

Current thread (0x0000000018520000):  JavaThread "C2 CompilerThread0" daemon [_thread_in_native, id=132516, stack(0x0000000018cd0000,0x0000000018dd0000)]

Stack: [0x0000000018cd0000,0x0000000018dd0000]
[error occurred during error reporting (printing stack bounds), id 0xc0000005]

Native frames: (J=compiled Java code, j=interpreted, Vv=VM code, C=native code)


Current CompileTask:
C2:  24949 3806   !   4       sun.misc.URLClassPath$FileLoader::getResource (164 bytes)


---------------  P R O C E S S  ---------------

Java Threads: ( => current thread )
  0x000000001a893000 JavaThread "Okio Watchdog" daemon [_thread_blocked, id=121148, stack(0x000000001f060000,0x000000001f160000)]
  0x000000001a891800 JavaThread "OkHttp ConnectionPool" daemon [_thread_blocked, id=125936, stack(0x000000001ef60000,0x000000001f060000)]
  0x000000001c690000 JavaThread "Exec Stream Pumper" daemon [_thread_in_native, id=124276, stack(0x000000001ea60000,0x000000001eb60000)]
  0x000000001c690800 JavaThread "Exec Stream Pumper" daemon [_thread_in_native, id=97724, stack(0x000000001e960000,0x000000001ea60000)]
  0x000000001c693000 JavaThread "UrlChecker-2" daemon [_thread_blocked, id=132184, stack(0x000000001e560000,0x000000001e660000)]
  0x000000001c692000 JavaThread "Exec Default Executor" daemon [_thread_in_native, id=132188, stack(0x000000001e460000,0x000000001e560000)]
  0x00000000185c0000 JavaThread "Service Thread" daemon [_thread_blocked, id=132212, stack(0x0000000018ed0000,0x0000000018fd0000)]
  0x0000000018543000 JavaThread "C1 CompilerThread1" daemon [_thread_blocked, id=129168, stack(0x0000000018dd0000,0x0000000018ed0000)]
=>0x0000000018520000 JavaThread "C2 CompilerThread0" daemon [_thread_in_native, id=132516, stack(0x0000000018cd0000,0x0000000018dd0000)]
  0x0000000018523800 JavaThread "Attach Listener" daemon [_thread_blocked, id=132216, stack(0x0000000018bd0000,0x0000000018cd0000)]
  0x000000001858c800 JavaThread "Signal Dispatcher" daemon [_thread_blocked, id=133032, stack(0x0000000018ad0000,0x0000000018bd0000)]
  0x000000001707a000 JavaThread "Finalizer" daemon [_thread_blocked, id=132236, stack(0x0000000017cc0000,0x0000000017dc0000)]
  0x0000000017078000 JavaThread "Reference Handler" daemon [_thread_blocked, id=132124, stack(0x0000000017bc0000,0x0000000017cc0000)]
  0x00000000025b9800 JavaThread "main" [_thread_in_native, id=132248, stack(0x00000000024a0000,0x00000000025a0000)]

Other Threads:
  0x0000000017057800 VMThread [stack: 0x0000000017ac0000,0x0000000017bc0000] [id=125648]
  0x00000000185ec000 WatcherThread [stack: 0x00000000190e0000,0x00000000191e0000] [id=132176]

VM state:not at safepoint (normal execution)

VM Mutex/Monitor currently owned by a thread: None

Heap:
 PSYoungGen      total 268288K, used 97963K [0x00000000d5580000, 0x00000000e8e80000, 0x0000000100000000)
  eden space 259072K, 34% used [0x00000000d5580000,0x00000000dac327e0,0x00000000e5280000)
  from space 9216K, 99% used [0x00000000e5280000,0x00000000e5b786a8,0x00000000e5b80000)
  to   space 13824K, 0% used [0x00000000e8100000,0x00000000e8100000,0x00000000e8e80000)
 ParOldGen       total 55296K, used 16820K [0x0000000080000000, 0x0000000083600000, 0x00000000d5580000)
  object space 55296K, 30% used [0x0000000080000000,0x000000008106d0a0,0x0000000083600000)
 Metaspace       used 31731K, capacity 32770K, committed 33024K, reserved 1079296K
  class space    used 3725K, capacity 4040K, committed 4096K, reserved 1048576K

Card table byte_map: [0x0000000011a70000,0x0000000011e80000] byte_map_base: 0x0000000011670000

Marking Bits: (ParMarkBitMap*) 0x000000006a152d00
 Begin Bits: [0x0000000012330000, 0x0000000014330000)
 End Bits:   [0x0000000014330000, 0x0000000016330000)

Polling page: 0x0000000000840000

CodeCache: size=245760Kb used=15205Kb max_used=15445Kb free=230554Kb
 bounds [0x00000000026b0000, 0x00000000035d0000, 0x00000000116b0000]
 total_blobs=4216 nmethods=3526 adapters=601
 compilation: enabled

Compilation events (10 events):
Event: 24.924 Thread 0x0000000018520000 nmethod 3804 0x00000000027eff10 code [0x00000000027f0240, 0x00000000027f02b8]
Event: 24.929 Thread 0x0000000018543000 3805       1       java.util.Collections$EmptySet::contains (2 bytes)
Event: 24.929 Thread 0x0000000018543000 nmethod 3805 0x00000000027f06d0 code [0x00000000027f0820, 0x00000000027f0930]
Event: 24.929 Thread 0x0000000018520000 3806   !   4       sun.misc.URLClassPath$FileLoader::getResource (164 bytes)
Event: 24.935 Thread 0x0000000018543000 3807       3       java.io.File::getCanonicalPath (31 bytes)
Event: 24.935 Thread 0x0000000018543000 nmethod 3807 0x00000000035be690 code [0x00000000035be820, 0x00000000035beb78]
Event: 24.935 Thread 0x0000000018543000 3808       3       java.io.WinNTFileSystem::canonicalize (372 bytes)
Event: 24.939 Thread 0x0000000018543000 nmethod 3808 0x000000000286de90 code [0x000000000286e5e0, 0x0000000002873ab8]
Event: 24.940 Thread 0x0000000018543000 3809       3       java.lang.Character::isLetter (5 bytes)
Event: 24.940 Thread 0x0000000018543000 nmethod 3809 0x000000000286d850 code [0x000000000286d9e0, 0x000000000286dd38]

GC Heap History (10 events):
Event: 3.769 GC heap before
{Heap before GC invocations=6 (full 0):
 PSYoungGen      total 71680K, used 71677K [0x00000000d5580000, 0x00000000de780000, 0x0000000100000000)
  eden space 66560K, 100% used [0x00000000d5580000,0x00000000d9680000,0x00000000d9680000)
  from space 5120K, 99% used [0x00000000d9680000,0x00000000d9b7f418,0x00000000d9b80000)
  to   space 8192K, 0% used [0x00000000ddf80000,0x00000000ddf80000,0x00000000de780000)
 ParOldGen       total 87552K, used 3592K [0x0000000080000000, 0x0000000085580000, 0x00000000d5580000)
  object space 87552K, 4% used [0x0000000080000000,0x00000000803822e0,0x0000000085580000)
 Metaspace       used 20556K, capacity 20908K, committed 21120K, reserved 1069056K
  class space    used 2298K, capacity 2396K, committed 2432K, reserved 1048576K
Event: 3.794 GC heap after
Heap after GC invocations=6 (full 0):
 PSYoungGen      total 139776K, used 8174K [0x00000000d5580000, 0x00000000dea80000, 0x0000000100000000)
  eden space 131584K, 0% used [0x00000000d5580000,0x00000000d5580000,0x00000000dd600000)
  from space 8192K, 99% used [0x00000000ddf80000,0x00000000de77b8e0,0x00000000de780000)
  to   space 9728K, 0% used [0x00000000dd600000,0x00000000dd600000,0x00000000ddf80000)
 ParOldGen       total 87552K, used 3907K [0x0000000080000000, 0x0000000085580000, 0x00000000d5580000)
  object space 87552K, 4% used [0x0000000080000000,0x00000000803d0e00,0x0000000085580000)
 Metaspace       used 20556K, capacity 20908K, committed 21120K, reserved 1069056K
  class space    used 2298K, capacity 2396K, committed 2432K, reserved 1048576K
}
Event: 3.979 GC heap before
{Heap before GC invocations=7 (full 0):
 PSYoungGen      total 139776K, used 16022K [0x00000000d5580000, 0x00000000dea80000, 0x0000000100000000)
  eden space 131584K, 5% used [0x00000000d5580000,0x00000000d5d2a2d8,0x00000000dd600000)
  from space 8192K, 99% used [0x00000000ddf80000,0x00000000de77b8e0,0x00000000de780000)
  to   space 9728K, 0% used [0x00000000dd600000,0x00000000dd600000,0x00000000ddf80000)
 ParOldGen       total 87552K, used 3907K [0x0000000080000000, 0x0000000085580000, 0x00000000d5580000)
  object space 87552K, 4% used [0x0000000080000000,0x00000000803d0e00,0x0000000085580000)
 Metaspace       used 20832K, capacity 21132K, committed 21296K, reserved 1069056K
  class space    used 2321K, capacity 2428K, committed 2432K, reserved 1048576K
Event: 4.005 GC heap after
Heap after GC invocations=7 (full 0):
 PSYoungGen      total 141312K, used 4089K [0x00000000d5580000, 0x00000000e6980000, 0x0000000100000000)
  eden space 131584K, 0% used [0x00000000d5580000,0x00000000d5580000,0x00000000dd600000)
  from space 9728K, 42% used [0x00000000dd600000,0x00000000dd9fe578,0x00000000ddf80000)
  to   space 9728K, 0% used [0x00000000e6000000,0x00000000e6000000,0x00000000e6980000)
 ParOldGen       total 87552K, used 6905K [0x0000000080000000, 0x0000000085580000, 0x00000000d5580000)
  object space 87552K, 7% used [0x0000000080000000,0x00000000806be588,0x0000000085580000)
 Metaspace       used 20832K, capacity 21132K, committed 21296K, reserved 1069056K
  class space    used 2321K, capacity 2428K, committed 2432K, reserved 1048576K
}
Event: 4.005 GC heap before
{Heap before GC invocations=8 (full 1):
 PSYoungGen      total 141312K, used 4089K [0x00000000d5580000, 0x00000000e6980000, 0x0000000100000000)
  eden space 131584K, 0% used [0x00000000d5580000,0x00000000d5580000,0x00000000dd600000)
  from space 9728K, 42% used [0x00000000dd600000,0x00000000dd9fe578,0x00000000ddf80000)
  to   space 9728K, 0% used [0x00000000e6000000,0x00000000e6000000,0x00000000e6980000)
 ParOldGen       total 87552K, used 6905K [0x0000000080000000, 0x0000000085580000, 0x00000000d5580000)
  object space 87552K, 7% used [0x0000000080000000,0x00000000806be588,0x0000000085580000)
 Metaspace       used 20832K, capacity 21132K, committed 21296K, reserved 1069056K
  class space    used 2321K, capacity 2428K, committed 2432K, reserved 1048576K
Event: 4.082 GC heap after
Heap after GC invocations=8 (full 1):
 PSYoungGen      total 141312K, used 0K [0x00000000d5580000, 0x00000000e6980000, 0x0000000100000000)
  eden space 131584K, 0% used [0x00000000d5580000,0x00000000d5580000,0x00000000dd600000)
  from space 9728K, 0% used [0x00000000dd600000,0x00000000dd600000,0x00000000ddf80000)
  to   space 9728K, 0% used [0x00000000e6000000,0x00000000e6000000,0x00000000e6980000)
 ParOldGen       total 55296K, used 8092K [0x0000000080000000, 0x0000000083600000, 0x00000000d5580000)
  object space 55296K, 14% used [0x0000000080000000,0x00000000807e70b8,0x0000000083600000)
 Metaspace       used 20832K, capacity 21132K, committed 21296K, reserved 1069056K
  class space    used 2321K, capacity 2428K, committed 2432K, reserved 1048576K
}
Event: 5.472 GC heap before
{Heap before GC invocations=9 (full 1):
 PSYoungGen      total 141312K, used 131584K [0x00000000d5580000, 0x00000000e6980000, 0x0000000100000000)
  eden space 131584K, 100% used [0x00000000d5580000,0x00000000dd600000,0x00000000dd600000)
  from space 9728K, 0% used [0x00000000dd600000,0x00000000dd600000,0x00000000ddf80000)
  to   space 9728K, 0% used [0x00000000e6000000,0x00000000e6000000,0x00000000e6980000)
 ParOldGen       total 55296K, used 8092K [0x0000000080000000, 0x0000000083600000, 0x00000000d5580000)
  object space 55296K, 14% used [0x0000000080000000,0x00000000807e70b8,0x0000000083600000)
 Metaspace       used 22208K, capacity 22630K, committed 22960K, reserved 1069056K
  class space    used 2401K, capacity 2519K, committed 2560K, reserved 1048576K
Event: 5.480 GC heap after
Heap after GC invocations=9 (full 1):
 PSYoungGen      total 221184K, used 4603K [0x00000000d5580000, 0x00000000e6480000, 0x0000000100000000)
  eden space 216576K, 0% used [0x00000000d5580000,0x00000000d5580000,0x00000000e2900000)
  from space 4608K, 99% used [0x00000000e6000000,0x00000000e647eee8,0x00000000e6480000)
  to   space 9216K, 0% used [0x00000000e5280000,0x00000000e5280000,0x00000000e5b80000)
 ParOldGen       total 55296K, used 8092K [0x0000000080000000, 0x0000000083600000, 0x00000000d5580000)
  object space 55296K, 14% used [0x0000000080000000,0x00000000807e70b8,0x0000000083600000)
 Metaspace       used 22208K, capacity 22630K, committed 22960K, reserved 1069056K
  class space    used 2401K, capacity 2519K, committed 2560K, reserved 1048576K
}
Event: 12.996 GC heap before
{Heap before GC invocations=10 (full 1):
 PSYoungGen      total 221184K, used 221179K [0x00000000d5580000, 0x00000000e6480000, 0x0000000100000000)
  eden space 216576K, 100% used [0x00000000d5580000,0x00000000e2900000,0x00000000e2900000)
  from space 4608K, 99% used [0x00000000e6000000,0x00000000e647eee8,0x00000000e6480000)
  to   space 9216K, 0% used [0x00000000e5280000,0x00000000e5280000,0x00000000e5b80000)
 ParOldGen       total 55296K, used 8092K [0x0000000080000000, 0x0000000083600000, 0x00000000d5580000)
  object space 55296K, 14% used [0x0000000080000000,0x00000000807e70b8,0x0000000083600000)
 Metaspace       used 31000K, capacity 31964K, committed 32128K, reserved 1077248K
  class space    used 3638K, capacity 3909K, committed 3968K, reserved 1048576K
Event: 13.026 GC heap after
Heap after GC invocations=10 (full 1):
 PSYoungGen      total 268288K, used 9185K [0x00000000d5580000, 0x00000000e8e80000, 0x0000000100000000)
  eden space 259072K, 0% used [0x00000000d5580000,0x00000000d5580000,0x00000000e5280000)
  from space 9216K, 99% used [0x00000000e5280000,0x00000000e5b786a8,0x00000000e5b80000)
  to   space 13824K, 0% used [0x00000000e8100000,0x00000000e8100000,0x00000000e8e80000)
 ParOldGen       total 55296K, used 16820K [0x0000000080000000, 0x0000000083600000, 0x00000000d5580000)
  object space 55296K, 30% used [0x0000000080000000,0x000000008106d0a0,0x0000000083600000)
 Metaspace       used 31000K, capacity 31964K, committed 32128K, reserved 1077248K
  class space    used 3638K, capacity 3909K, committed 3968K, reserved 1048576K
}

Deoptimization events (10 events):
Event: 12.900 Thread 0x00000000025b9800 Uncommon trap: reason=unstable_if action=reinterpret pc=0x0000000003513b88 method=org.apache.commons.lang3.text.translate.NumericEntityEscaper.translate(ILjava/io/Writer;)Z @ 12
Event: 13.084 Thread 0x00000000025b9800 Uncommon trap: reason=unstable_if action=reinterpret pc=0x0000000003167e24 method=org.codehaus.groovy.antlr.parser.GroovyLexer.nextToken()Lgroovyjarjarantlr/Token; @ 833
Event: 13.084 Thread 0x00000000025b9800 Uncommon trap: reason=unstable_if action=reinterpret pc=0x0000000002edfa74 method=groovyjarjarantlr.CharScanner.consume()V @ 7
Event: 13.084 Thread 0x00000000025b9800 Uncommon trap: reason=predicate action=maybe_recompile pc=0x0000000002a0d770 method=groovyjarjarantlr.InputBuffer.syncConsume()V @ 7
Event: 13.084 Thread 0x00000000025b9800 Uncommon trap: reason=predicate action=maybe_recompile pc=0x0000000002a1bacc method=groovyjarjarantlr.InputBuffer.syncConsume()V @ 7
Event: 13.084 Thread 0x00000000025b9800 Uncommon trap: reason=predicate action=maybe_recompile pc=0x0000000002a18214 method=groovyjarjarantlr.InputBuffer.syncConsume()V @ 7
Event: 13.090 Thread 0x00000000025b9800 Uncommon trap: reason=range_check action=make_not_entrant pc=0x00000000033fef60 method=java.lang.String.charAt(I)C @ 27
Event: 13.091 Thread 0x00000000025b9800 Uncommon trap: reason=unstable_if action=reinterpret pc=0x00000000032a5618 method=org.codehaus.groovy.ast.ClassHelper.isPrimitiveType(Lorg/codehaus/groovy/ast/ClassNode;)Z @ 39
Event: 15.786 Thread 0x00000000025b9800 Uncommon trap: reason=null_check action=make_not_entrant pc=0x0000000002880208 method=java.net.URLClassLoader.findClass(Ljava/lang/String;)Ljava/lang/Class; @ 16
Event: 15.876 Thread 0x00000000025b9800 Uncommon trap: reason=unstable_if action=reinterpret pc=0x00000000028906b8 method=sun.misc.Resource.cachedInputStream()Ljava/io/InputStream; @ 4

Classes redefined (0 events):
No events

Internal exceptions (10 events):
Event: 21.351 Thread 0x00000000025b9800 Exception <a 'java/security/PrivilegedActionException'> (0x00000000da1d2040) thrown at [C:\re\workspace\8-2-build-windows-amd64-cygwin\jdk8u181\11358\hotspot\src\share\vm\prims\jvm.cpp, line 1435]
Event: 21.351 Thread 0x00000000025b9800 Exception <a 'java/security/PrivilegedActionException'> (0x00000000da1d2620) thrown at [C:\re\workspace\8-2-build-windows-amd64-cygwin\jdk8u181\11358\hotspot\src\share\vm\prims\jvm.cpp, line 1435]
Event: 21.352 Thread 0x00000000025b9800 Exception <a 'java/security/PrivilegedActionException'> (0x00000000da1e4c48) thrown at [C:\re\workspace\8-2-build-windows-amd64-cygwin\jdk8u181\11358\hotspot\src\share\vm\prims\jvm.cpp, line 1435]
Event: 21.352 Thread 0x00000000025b9800 Exception <a 'java/security/PrivilegedActionException'> (0x00000000da1e5228) thrown at [C:\re\workspace\8-2-build-windows-amd64-cygwin\jdk8u181\11358\hotspot\src\share\vm\prims\jvm.cpp, line 1435]
Event: 21.365 Thread 0x00000000025b9800 Exception <a 'java/lang/ClassNotFoundException': Script1BeanInfo> (0x00000000da39d088) thrown at [C:\re\workspace\8-2-build-windows-amd64-cygwin\jdk8u181\11358\hotspot\src\share\vm\classfile\systemDictionary.cpp, line 210]
Event: 21.368 Thread 0x00000000025b9800 Exception <a 'java/lang/ClassNotFoundException': Script1Customizer> (0x00000000da425b00) thrown at [C:\re\workspace\8-2-build-windows-amd64-cygwin\jdk8u181\11358\hotspot\src\share\vm\classfile\systemDictionary.cpp, line 210]
Event: 21.388 Thread 0x00000000025b9800 Exception <a 'java/net/SocketTimeoutException': Read timed out> (0x00000000da697f50) thrown at [C:\re\workspace\8-2-build-windows-amd64-cygwin\jdk8u181\11358\hotspot\src\share\vm\prims\jni.cpp, line 735]
Event: 21.410 Thread 0x00000000025b9800 Exception <a 'java/lang/reflect/InvocationTargetException'> (0x00000000da6bf0d8) thrown at [C:\re\workspace\8-2-build-windows-amd64-cygwin\jdk8u181\11358\hotspot\src\share\vm\runtime\reflection.cpp, line 1092]
Event: 21.412 Thread 0x00000000025b9800 Exception <a 'java/net/SocketTimeoutException': Read timed out> (0x00000000da6cbda0) thrown at [C:\re\workspace\8-2-build-windows-amd64-cygwin\jdk8u181\11358\hotspot\src\share\vm\prims\jni.cpp, line 735]
Event: 21.435 Thread 0x00000000025b9800 Exception <a 'java/net/SocketTimeoutException': Read timed out> (0x00000000da6e7eb8) thrown at [C:\re\workspace\8-2-build-windows-amd64-cygwin\jdk8u181\11358\hotspot\src\share\vm\prims\jni.cpp, line 735]

Events (10 events):
Event: 24.932 loading class java/net/internal$GlobalVariable
Event: 24.932 loading class java/net/internal$GlobalVariable done
Event: 24.933 loading class java/util/internal$GlobalVariable
Event: 24.933 loading class java/util/internal$GlobalVariable done
Event: 24.933 loading class groovy/lang/internal$GlobalVariable
Event: 24.933 loading class groovy/lang/internal$GlobalVariable done
Event: 24.934 loading class groovy/util/internal$GlobalVariable
Event: 24.934 loading class groovy/util/internal$GlobalVariable done
Event: 24.934 loading class internal$GlobalVariable
Event: 24.934 loading class internal$GlobalVariable done


Dynamic libraries:
0x00007ff6a4460000 - 0x00007ff6a4497000 	D:\Katalon_Studio\jre\bin\javaw.exe
0x00007ffbecf70000 - 0x00007ffbed132000 	C:\Windows\SYSTEM32\ntdll.dll
0x00007ffbec570000 - 0x00007ffbec61d000 	C:\Windows\system32\KERNEL32.DLL
0x00007ffbea3b0000 - 0x00007ffbea58d000 	C:\Windows\system32\KERNELBASE.dll
0x00007ffbebc20000 - 0x00007ffbebcc6000 	C:\Windows\system32\ADVAPI32.dll
0x00007ffbebce0000 - 0x00007ffbebd7d000 	C:\Windows\system32\msvcrt.dll
0x00007ffbec130000 - 0x00007ffbec18b000 	C:\Windows\system32\sechost.dll
0x00007ffbebd80000 - 0x00007ffbebea6000 	C:\Windows\system32\RPCRT4.dll
0x00007ffbec980000 - 0x00007ffbecace000 	C:\Windows\system32\USER32.dll
0x00007ffbecb40000 - 0x00007ffbeccc5000 	C:\Windows\system32\GDI32.dll
0x00007ffbcd5e0000 - 0x00007ffbcd854000 	C:\Windows\WinSxS\amd64_microsoft.windows.common-controls_6595b64144ccf1df_6.0.10240.16384_none_f41f7b285750ef43\COMCTL32.dll
0x00007ffbec360000 - 0x00007ffbec396000 	C:\Windows\system32\IMM32.DLL
0x00007ffbec3a0000 - 0x00007ffbec4fc000 	C:\Windows\system32\MSCTF.dll
0x0000000069850000 - 0x0000000069922000 	D:\Katalon_Studio\jre\bin\msvcr100.dll
0x0000000069930000 - 0x000000006a1d2000 	D:\Katalon_Studio\jre\bin\server\jvm.dll
0x00007ffbebcd0000 - 0x00007ffbebcd8000 	C:\Windows\system32\PSAPI.DLL
0x00007ffbdff00000 - 0x00007ffbdff23000 	C:\Windows\SYSTEM32\WINMM.dll
0x00007ffbdf330000 - 0x00007ffbdf339000 	C:\Windows\SYSTEM32\WSOCK32.dll
0x00007ffbec500000 - 0x00007ffbec569000 	C:\Windows\system32\WS2_32.dll
0x00007ffbe4590000 - 0x00007ffbe459a000 	C:\Windows\SYSTEM32\VERSION.dll
0x00007ffbeccd0000 - 0x00007ffbeccd8000 	C:\Windows\system32\NSI.dll
0x00007ffbdfeb0000 - 0x00007ffbdfedc000 	C:\Windows\SYSTEM32\WINMMBASE.dll
0x00007ffbe9c70000 - 0x00007ffbe9cb4000 	C:\Windows\system32\cfgmgr32.dll
0x00007ffbe8270000 - 0x00007ffbe8297000 	C:\Windows\SYSTEM32\DEVOBJ.dll
0x000000006a910000 - 0x000000006a91f000 	D:\Katalon_Studio\jre\bin\verify.dll
0x000000006a8e0000 - 0x000000006a909000 	D:\Katalon_Studio\jre\bin\java.dll
0x000000006a8c0000 - 0x000000006a8d6000 	D:\Katalon_Studio\jre\bin\zip.dll
0x00007ffbea640000 - 0x00007ffbebb65000 	C:\Windows\system32\SHELL32.dll
0x00007ffbe9cc0000 - 0x00007ffbea2e8000 	C:\Windows\system32\windows.storage.dll
0x00007ffbebeb0000 - 0x00007ffbec12c000 	C:\Windows\system32\combase.dll
0x00007ffbecce0000 - 0x00007ffbecd31000 	C:\Windows\system32\shlwapi.dll
0x00007ffbe99c0000 - 0x00007ffbe99cf000 	C:\Windows\system32\kernel.appcore.dll
0x00007ffbea2f0000 - 0x00007ffbea3a3000 	C:\Windows\system32\shcore.dll
0x00007ffbe99f0000 - 0x00007ffbe9a3a000 	C:\Windows\system32\powrprof.dll
0x00007ffbe99d0000 - 0x00007ffbe99e3000 	C:\Windows\system32\profapi.dll
0x0000000069830000 - 0x000000006984a000 	D:\Katalon_Studio\jre\bin\net.dll
0x00007ffbe91b0000 - 0x00007ffbe920d000 	C:\Windows\system32\mswsock.dll
0x0000000069810000 - 0x0000000069821000 	D:\Katalon_Studio\jre\bin\nio.dll
0x00007ffbe8f50000 - 0x00007ffbe8ff8000 	C:\Windows\SYSTEM32\DNSAPI.dll
0x00007ffbe64d0000 - 0x00007ffbe64da000 	C:\Windows\System32\rasadhlp.dll
0x00007ffbe7320000 - 0x00007ffbe7388000 	C:\Windows\System32\fwpuclnt.dll
0x00007ffbe98d0000 - 0x00007ffbe98f8000 	C:\Windows\SYSTEM32\bcrypt.dll
0x00000000697e0000 - 0x0000000069804000 	D:\Katalon_Studio\jre\bin\sunec.dll
0x00000000697d0000 - 0x00000000697db000 	D:\Katalon_Studio\jre\bin\sunmscapi.dll
0x00007ffbe9a40000 - 0x00007ffbe9c01000 	C:\Windows\system32\CRYPT32.dll
0x00007ffbe99a0000 - 0x00007ffbe99b1000 	C:\Windows\system32\MSASN1.dll
0x00007ffbe7e30000 - 0x00007ffbe7e68000 	C:\Windows\SYSTEM32\IPHLPAPI.DLL
0x00007ffbe7dc0000 - 0x00007ffbe7dcb000 	C:\Windows\SYSTEM32\WINNSI.DLL
0x00007ffbe71a0000 - 0x00007ffbe71b6000 	C:\Windows\SYSTEM32\dhcpcsvc6.DLL
0x00007ffbe7180000 - 0x00007ffbe719a000 	C:\Windows\SYSTEM32\dhcpcsvc.DLL
0x00007ffbe9210000 - 0x00007ffbe9227000 	C:\Windows\SYSTEM32\CRYPTSP.dll
0x00007ffbe8e60000 - 0x00007ffbe8e93000 	C:\Windows\system32\rsaenh.dll
0x00007ffbe9000000 - 0x00007ffbe901f000 	C:\Windows\SYSTEM32\USERENV.dll
0x00007ffbe9750000 - 0x00007ffbe97bb000 	C:\Windows\system32\bcryptprimitives.dll
0x00007ffbe9360000 - 0x00007ffbe936b000 	C:\Windows\SYSTEM32\CRYPTBASE.dll
0x00007ffbe3a30000 - 0x00007ffbe3a45000 	C:\Windows\system32\napinsp.dll
0x00007ffbe3ca0000 - 0x00007ffbe3cba000 	C:\Windows\system32\pnrpnsp.dll
0x00007ffbe7f80000 - 0x00007ffbe7f98000 	C:\Windows\system32\NLAapi.dll
0x00007ffbe4580000 - 0x00007ffbe458d000 	C:\Windows\System32\winrnr.dll

VM Arguments:
jvm_args: -Dgroovy.home=C:\Users\lamhe/.groovy -Djava.system.class.loader=groovy.lang.GroovyClassLoader -Xmx2048m -Dfile.encoding=UTF-8 
java_command: org.codehaus.groovy.tools.GroovyStarter --classpath D:\Projet Test Auto\Mediabox Test Automation\bin\keyword;D:\Projet Test Auto\Mediabox Test Automation\Keywords;D:\Projet Test Auto\Mediabox Test Automation\bin\listener;D:\Projet Test Auto\Mediabox Test Automation\Test Listeners;D:\Projet Test Auto\Mediabox Test Automation\bin\lib;D:\Projet Test Auto\Mediabox Test Automation\Libs;D:\Projet Test Auto\Mediabox Test Automation\bin\groovy;D:\Projet Test Auto\Mediabox Test Automation\Include\scripts\groovy;D:\Katalon_Studio\plugins\com.kms.katalon.core_1.0.0.202201190711.jar;D:\Katalon_Studio\configuration\resources\lib\aalto-xml-1.0.0.jar;D:\Katalon_Studio\configuration\resources\lib\aspectjweaver-1.9.1.jar;D:\Katalon_Studio\configuration\resources\lib\bcpkix-jdk15on-1.64.jar;D:\Katalon_Studio\configuration\resources\lib\bcprov-jdk15on-1.64.jar;D:\Katalon_Studio\configuration\resources\lib\browsermob-core-2.1.5.jar;D:\Katalon_Studio\configuration\resources\lib\cglib-3.2.10.jar;D:\Katalon_Studio\configuration\resources\lib\commons-codec-1.10.jar;D:\Katalon_Studio\configuration\resources\lib\commons-collections4-4.1.jar;D:\Katalon_Studio\configuration\resources\lib\commons-validator-1.6.jar;D:\Katalon_Studio\configuration\resources\lib\curvesapi-1.04.jar;D:\Katalon_Studio\configuration\resources\lib\dnsjava-2.1.8.jar;D:\Katalon_Studio\configuration\resources\lib\java-client-7.0.0.jar;D:\Katalon_Studio\configuration\resources\lib\jna-4.1.0.jar;D:\Katalon_Studio\configuration\resources\lib\jna-platform-4.1.0.jar;D:\Katalon_Studio\configuration\resources\lib\jzlib-1.1.3.jar;D:\Katalon_Studio\configuration\resources\lib\kat-server.jar;D:\Katalon_Studio\configuration\resources\lib\littleproxy-1.1.0-beta-bmp-17.jar;D:\Katalon_Studio\configuration\resources\lib\mitm-2.1.5.jar;D:\Katalon_Studio\configuration\resources\lib\netty-all-4.1.70.Final.jar;D:\Katalon_Studio\configuration\resources\lib\poi-3.17.jar;D:\Katalon_Studio\configuration\resources\lib\poi-ooxml-3
java_class_path (initial): D:\Projet Test Auto\Mediabox Test Automation\bin\keyword;D:\Projet Test Auto\Mediabox Test Automation\bin\listener;D:\Projet Test Auto\Mediabox Test Automation\bin\lib;D:\Projet Test Auto\Mediabox Test Automation\bin\groovy;D:\Projet Test Auto\Mediabox Test Automation\bin;D:\Katalon_Studio\plugins\com.kms.katalon.core_1.0.0.202201190711.jar;D:\Katalon_Studio\configuration\resources\lib\aalto-xml-1.0.0.jar;D:\Katalon_Studio\configuration\resources\lib\aspectjweaver-1.9.1.jar;D:\Katalon_Studio\configuration\resources\lib\bcpkix-jdk15on-1.64.jar;D:\Katalon_Studio\configuration\resources\lib\bcprov-jdk15on-1.64.jar;D:\Katalon_Studio\configuration\resources\lib\browsermob-core-2.1.5.jar;D:\Katalon_Studio\configuration\resources\lib\cglib-3.2.10.jar;D:\Katalon_Studio\configuration\resources\lib\commons-codec-1.10.jar;D:\Katalon_Studio\configuration\resources\lib\commons-collections4-4.1.jar;D:\Katalon_Studio\configuration\resources\lib\commons-validator-1.6.jar;D:\Katalon_Studio\configuration\resources\lib\curvesapi-1.04.jar;D:\Katalon_Studio\configuration\resources\lib\dnsjava-2.1.8.jar;D:\Katalon_Studio\configuration\resources\lib\java-client-7.0.0.jar;D:\Katalon_Studio\configuration\resources\lib\jna-4.1.0.jar;D:\Katalon_Studio\configuration\resources\lib\jna-platform-4.1.0.jar;D:\Katalon_Studio\configuration\resources\lib\jzlib-1.1.3.jar;D:\Katalon_Studio\configuration\resources\lib\kat-server.jar;D:\Katalon_Studio\configuration\resources\lib\littleproxy-1.1.0-beta-bmp-17.jar;D:\Katalon_Studio\configuration\resources\lib\mitm-2.1.5.jar;D:\Katalon_Studio\configuration\resources\lib\netty-all-4.1.70.Final.jar;D:\Katalon_Studio\configuration\resources\lib\poi-3.17.jar;D:\Katalon_Studio\configuration\resources\lib\poi-ooxml-3.17.jar;D:\Katalon_Studio\configuration\resources\lib\poi-ooxml-schemas-3.17.jar;D:\Katalon_Studio\configuration\resources\lib\proxy-vole-1.0.4-SNAPSHOT-jar-with-dependencies.jar;D:\Katalon_Studio\configuration\resources\l
Launcher Type: SUN_STANDARD

Environment Variables:
PATH=D:/Katalon_Studio/jre/bin/server;D:/Katalon_Studio/jre/bin;D:/Katalon_Studio/jre/lib/amd64;C:\Windows\system32;C:\Windows;C:\Windows\System32\Wbem;C:\Windows\System32\WindowsPowerShell\v1.0\;C:\Program Files\Git\cmd;D:\Katalon_Studio;
USERNAME=lamhe
OS=Windows_NT
PROCESSOR_IDENTIFIER=Intel64 Family 6 Model 63 Stepping 2, GenuineIntel



---------------  S Y S T E M  ---------------

OS: Windows 10.0 , 64 bit Build 10240 (10.0.10240.16384)

CPU:total 2 (initial active 2) (1 cores per cpu, 1 threads per core) family 6 model 63 stepping 2, cmov, cx8, fxsr, mmx, sse, sse2, sse3, ssse3, sse4.1, sse4.2, popcnt, avx, avx2, aes, clmul, erms, lzcnt, tsc, tscinvbit, bmi1, bmi2

Memory: 4k page, physical 8388148k(1517544k free), swap 21431088k(5172k free)

vm_info: Java HotSpot(TM) 64-Bit Server VM (25.181-b13) for windows-amd64 JRE (1.8.0_181-b13), built on Jul  7 2018 04:01:33 by "java_re" with MS VC++ 10.0 (VS2010)

time: Thu Apr 28 12:21:55 2022
elapsed time: 24 seconds (0d 0h 0m 24s)

