#
# There is insufficient memory for the Java Runtime Environment to continue.
# Native memory allocation (malloc) failed to allocate 50512 bytes for Chunk::new
# Possible reasons:
#   The system is out of physical RAM or swap space
#   In 32 bit mode, the process size limit was hit
# Possible solutions:
#   Reduce memory load on the system
#   Increase physical memory or swap space
#   Check if swap backing store is full
#   Use 64 bit Java on a 64 bit OS
#   Decrease Java heap size (-Xmx/-Xms)
#   Decrease number of Java threads
#   Decrease Java thread stack sizes (-Xss)
#   Set larger code cache with -XX:ReservedCodeCacheSize=
# This output file may be truncated or incomplete.
#
#  Out of Memory Error (allocation.cpp:390), pid=123504, tid=0x0000000000020054
#
# JRE version: Java(TM) SE Runtime Environment (8.0_181-b13) (build 1.8.0_181-b13)
# Java VM: Java HotSpot(TM) 64-Bit Server VM (25.181-b13 mixed mode windows-amd64 compressed oops)
# Failed to write core dump. Minidumps are not enabled by default on client versions of Windows
#

---------------  T H R E A D  ---------------

Current thread (0x0000000018790000):  JavaThread "C2 CompilerThread0" daemon [_thread_in_native, id=131156, stack(0x0000000018f40000,0x0000000019040000)]

Stack: [0x0000000018f40000,0x0000000019040000]
[error occurred during error reporting (printing stack bounds), id 0xc0000005]

Native frames: (J=compiled Java code, j=interpreted, Vv=VM code, C=native code)


Current CompileTask:
C2:   1999  938   !   4       sun.misc.URLClassPath$JarLoader::getResource (353 bytes)


---------------  P R O C E S S  ---------------

Java Threads: ( => current thread )
  0x000000001884f800 JavaThread "Service Thread" daemon [_thread_blocked, id=130924, stack(0x0000000019140000,0x0000000019240000)]
  0x00000000187e7000 JavaThread "C1 CompilerThread1" daemon [_thread_blocked, id=119356, stack(0x0000000019040000,0x0000000019140000)]
=>0x0000000018790000 JavaThread "C2 CompilerThread0" daemon [_thread_in_native, id=131156, stack(0x0000000018f40000,0x0000000019040000)]
  0x0000000018793800 JavaThread "Attach Listener" daemon [_thread_blocked, id=130216, stack(0x0000000018e40000,0x0000000018f40000)]
  0x00000000187fc800 JavaThread "Signal Dispatcher" daemon [_thread_blocked, id=127492, stack(0x0000000018d40000,0x0000000018e40000)]
  0x00000000172ea000 JavaThread "Finalizer" daemon [_thread_blocked, id=131484, stack(0x0000000017f30000,0x0000000018030000)]
  0x00000000172e8000 JavaThread "Reference Handler" daemon [_thread_blocked, id=127576, stack(0x0000000017e30000,0x0000000017f30000)]
  0x0000000002829800 JavaThread "main" [_thread_in_native, id=127868, stack(0x0000000002620000,0x0000000002720000)]

Other Threads:
  0x00000000172c7800 VMThread [stack: 0x0000000017d30000,0x0000000017e30000] [id=124656]
  0x0000000018854000 WatcherThread [stack: 0x0000000019350000,0x0000000019450000] [id=123304]

VM state:not at safepoint (normal execution)

VM Mutex/Monitor currently owned by a thread: None

Heap:
 PSYoungGen      total 38400K, used 20867K [0x00000000d5580000, 0x00000000d8000000, 0x0000000100000000)
  eden space 33280K, 48% used [0x00000000d5580000,0x00000000d6568bc0,0x00000000d7600000)
  from space 5120K, 89% used [0x00000000d7600000,0x00000000d7a781e8,0x00000000d7b00000)
  to   space 5120K, 0% used [0x00000000d7b00000,0x00000000d7b00000,0x00000000d8000000)
 ParOldGen       total 87552K, used 24K [0x0000000080000000, 0x0000000085580000, 0x00000000d5580000)
  object space 87552K, 0% used [0x0000000080000000,0x0000000080006000,0x0000000085580000)
 Metaspace       used 10295K, capacity 10438K, committed 10752K, reserved 1058816K
  class space    used 1151K, capacity 1209K, committed 1280K, reserved 1048576K

Card table byte_map: [0x0000000011ce0000,0x00000000120f0000] byte_map_base: 0x00000000118e0000

Marking Bits: (ParMarkBitMap*) 0x000000006a152d00
 Begin Bits: [0x00000000125a0000, 0x00000000145a0000)
 End Bits:   [0x00000000145a0000, 0x00000000165a0000)

Polling page: 0x0000000002540000

CodeCache: size=245760Kb used=3843Kb max_used=3843Kb free=241916Kb
 bounds [0x0000000002920000, 0x0000000002cf0000, 0x0000000011920000]
 total_blobs=1252 nmethods=974 adapters=190
 compilation: enabled

Compilation events (10 events):
Event: 1.948 Thread 0x00000000187e7000  943       3       org.codehaus.groovy.ast.ClassNode::getModifiers (8 bytes)
Event: 1.948 Thread 0x00000000187e7000 nmethod 943 0x0000000002cc8b90 code [0x0000000002cc8d00, 0x0000000002cc9168]
Event: 1.948 Thread 0x00000000187e7000  944       3       org.codehaus.groovy.ast.ClassNode::getAllInterfaces (60 bytes)
Event: 1.949 Thread 0x00000000187e7000 nmethod 944 0x0000000002cc9310 code [0x0000000002cc9500, 0x0000000002cc9f28]
Event: 1.949 Thread 0x00000000187e7000  945       3       org.codehaus.groovy.ast.ClassNode::hashCode (23 bytes)
Event: 1.949 Thread 0x00000000187e7000 nmethod 945 0x0000000002cca3d0 code [0x0000000002cca5e0, 0x0000000002ccb208]
Event: 1.950 Thread 0x00000000187e7000  946       3       org.codehaus.groovy.control.ResolveVisitor$ConstructedNestedClass::<init> (50 bytes)
Event: 1.951 Thread 0x00000000187e7000 nmethod 946 0x0000000002ccb5d0 code [0x0000000002ccb800, 0x0000000002ccc388]
Event: 1.952 Thread 0x00000000187e7000  947       3       org.codehaus.groovy.ast.ClassNode::hasPackageName (21 bytes)
Event: 1.952 Thread 0x00000000187e7000 nmethod 947 0x0000000002ccc910 code [0x0000000002cccaa0, 0x0000000002ccd0f8]

GC Heap History (6 events):
Event: 0.982 GC heap before
{Heap before GC invocations=1 (full 0):
 PSYoungGen      total 38400K, used 33280K [0x00000000d5580000, 0x00000000d8000000, 0x0000000100000000)
  eden space 33280K, 100% used [0x00000000d5580000,0x00000000d7600000,0x00000000d7600000)
  from space 5120K, 0% used [0x00000000d7b00000,0x00000000d7b00000,0x00000000d8000000)
  to   space 5120K, 0% used [0x00000000d7600000,0x00000000d7600000,0x00000000d7b00000)
 ParOldGen       total 87552K, used 0K [0x0000000080000000, 0x0000000085580000, 0x00000000d5580000)
  object space 87552K, 0% used [0x0000000080000000,0x0000000080000000,0x0000000085580000)
 Metaspace       used 4633K, capacity 5376K, committed 5504K, reserved 1056768K
  class space    used 514K, capacity 568K, committed 640K, reserved 1048576K
Event: 0.987 GC heap after
Heap after GC invocations=1 (full 0):
 PSYoungGen      total 38400K, used 3938K [0x00000000d5580000, 0x00000000d8000000, 0x0000000100000000)
  eden space 33280K, 0% used [0x00000000d5580000,0x00000000d5580000,0x00000000d7600000)
  from space 5120K, 76% used [0x00000000d7600000,0x00000000d79d8858,0x00000000d7b00000)
  to   space 5120K, 0% used [0x00000000d7b00000,0x00000000d7b00000,0x00000000d8000000)
 ParOldGen       total 87552K, used 8K [0x0000000080000000, 0x0000000085580000, 0x00000000d5580000)
  object space 87552K, 0% used [0x0000000080000000,0x0000000080002000,0x0000000085580000)
 Metaspace       used 4633K, capacity 5376K, committed 5504K, reserved 1056768K
  class space    used 514K, capacity 568K, committed 640K, reserved 1048576K
}
Event: 1.589 GC heap before
{Heap before GC invocations=2 (full 0):
 PSYoungGen      total 38400K, used 37218K [0x00000000d5580000, 0x00000000d8000000, 0x0000000100000000)
  eden space 33280K, 100% used [0x00000000d5580000,0x00000000d7600000,0x00000000d7600000)
  from space 5120K, 76% used [0x00000000d7600000,0x00000000d79d8858,0x00000000d7b00000)
  to   space 5120K, 0% used [0x00000000d7b00000,0x00000000d7b00000,0x00000000d8000000)
 ParOldGen       total 87552K, used 8K [0x0000000080000000, 0x0000000085580000, 0x00000000d5580000)
  object space 87552K, 0% used [0x0000000080000000,0x0000000080002000,0x0000000085580000)
 Metaspace       used 8556K, capacity 8704K, committed 8960K, reserved 1056768K
  class space    used 964K, capacity 1016K, committed 1024K, reserved 1048576K
Event: 1.595 GC heap after
Heap after GC invocations=2 (full 0):
 PSYoungGen      total 38400K, used 4371K [0x00000000d5580000, 0x00000000d8000000, 0x0000000100000000)
  eden space 33280K, 0% used [0x00000000d5580000,0x00000000d5580000,0x00000000d7600000)
  from space 5120K, 85% used [0x00000000d7b00000,0x00000000d7f44cc0,0x00000000d8000000)
  to   space 5120K, 0% used [0x00000000d7600000,0x00000000d7600000,0x00000000d7b00000)
 ParOldGen       total 87552K, used 16K [0x0000000080000000, 0x0000000085580000, 0x00000000d5580000)
  object space 87552K, 0% used [0x0000000080000000,0x0000000080004000,0x0000000085580000)
 Metaspace       used 8556K, capacity 8704K, committed 8960K, reserved 1056768K
  class space    used 964K, capacity 1016K, committed 1024K, reserved 1048576K
}
Event: 1.898 GC heap before
{Heap before GC invocations=3 (full 0):
 PSYoungGen      total 38400K, used 37651K [0x00000000d5580000, 0x00000000d8000000, 0x0000000100000000)
  eden space 33280K, 100% used [0x00000000d5580000,0x00000000d7600000,0x00000000d7600000)
  from space 5120K, 85% used [0x00000000d7b00000,0x00000000d7f44cc0,0x00000000d8000000)
  to   space 5120K, 0% used [0x00000000d7600000,0x00000000d7600000,0x00000000d7b00000)
 ParOldGen       total 87552K, used 16K [0x0000000080000000, 0x0000000085580000, 0x00000000d5580000)
  object space 87552K, 0% used [0x0000000080000000,0x0000000080004000,0x0000000085580000)
 Metaspace       used 10178K, capacity 10374K, committed 10752K, reserved 1058816K
  class space    used 1147K, capacity 1209K, committed 1280K, reserved 1048576K
Event: 1.904 GC heap after
Heap after GC invocations=3 (full 0):
 PSYoungGen      total 38400K, used 4576K [0x00000000d5580000, 0x00000000d8000000, 0x0000000100000000)
  eden space 33280K, 0% used [0x00000000d5580000,0x00000000d5580000,0x00000000d7600000)
  from space 5120K, 89% used [0x00000000d7600000,0x00000000d7a781e8,0x00000000d7b00000)
  to   space 5120K, 0% used [0x00000000d7b00000,0x00000000d7b00000,0x00000000d8000000)
 ParOldGen       total 87552K, used 24K [0x0000000080000000, 0x0000000085580000, 0x00000000d5580000)
  object space 87552K, 0% used [0x0000000080000000,0x0000000080006000,0x0000000085580000)
 Metaspace       used 10178K, capacity 10374K, committed 10752K, reserved 1058816K
  class space    used 1147K, capacity 1209K, committed 1280K, reserved 1048576K
}

Deoptimization events (10 events):
Event: 1.270 Thread 0x0000000002829800 Uncommon trap: reason=predicate action=maybe_recompile pc=0x0000000002b6baf0 method=sun.net.www.ParseUtil.encodePath(Ljava/lang/String;Z)Ljava/lang/String; @ 36
Event: 1.272 Thread 0x0000000002829800 Uncommon trap: reason=bimorphic action=maybe_recompile pc=0x0000000002b946c0 method=java.util.HashMap.getNode(ILjava/lang/Object;)Ljava/util/HashMap$Node; @ 126
Event: 1.373 Thread 0x0000000002829800 Uncommon trap: reason=bimorphic action=maybe_recompile pc=0x0000000002b946c0 method=java.util.HashMap.getNode(ILjava/lang/Object;)Ljava/util/HashMap$Node; @ 126
Event: 1.373 Thread 0x0000000002829800 Uncommon trap: reason=unstable_if action=reinterpret pc=0x0000000002b9451c method=java.util.HashMap.getNode(ILjava/lang/Object;)Ljava/util/HashMap$Node; @ 62
Event: 1.373 Thread 0x0000000002829800 Uncommon trap: reason=bimorphic action=maybe_recompile pc=0x0000000002b90d90 method=java.util.HashMap.getNode(ILjava/lang/Object;)Ljava/util/HashMap$Node; @ 126
Event: 1.373 Thread 0x0000000002829800 Uncommon trap: reason=unstable_if action=reinterpret pc=0x0000000002b90bd4 method=java.util.HashMap.getNode(ILjava/lang/Object;)Ljava/util/HashMap$Node; @ 62
Event: 1.798 Thread 0x0000000002829800 Uncommon trap: reason=unstable_if action=reinterpret pc=0x0000000002a59ee0 method=java.net.URI.match(CJJ)Z @ 45
Event: 1.802 Thread 0x0000000002829800 Uncommon trap: reason=range_check action=make_not_entrant pc=0x0000000002c579e0 method=sun.reflect.generics.parser.SignatureParser.current()C @ 34
Event: 1.823 Thread 0x0000000002829800 Uncommon trap: reason=unstable_if action=reinterpret pc=0x0000000002c6b5a4 method=java.lang.String.lastIndexOf([CII[CIII)I @ 66
Event: 1.823 Thread 0x0000000002829800 Uncommon trap: reason=unstable_if action=reinterpret pc=0x0000000002b912f4 method=java.lang.String.lastIndexOf([CII[CIII)I @ 66

Classes redefined (0 events):
No events

Internal exceptions (10 events):
Event: 1.923 Thread 0x0000000002829800 Exception <a 'java/security/PrivilegedActionException'> (0x00000000d5873910) thrown at [C:\re\workspace\8-2-build-windows-amd64-cygwin\jdk8u181\11358\hotspot\src\share\vm\prims\jvm.cpp, line 1435]
Event: 1.923 Thread 0x0000000002829800 Exception <a 'java/security/PrivilegedActionException'> (0x00000000d5873d08) thrown at [C:\re\workspace\8-2-build-windows-amd64-cygwin\jdk8u181\11358\hotspot\src\share\vm\prims\jvm.cpp, line 1435]
Event: 1.933 Thread 0x0000000002829800 Exception <a 'java/security/PrivilegedActionException'> (0x00000000d5b21138) thrown at [C:\re\workspace\8-2-build-windows-amd64-cygwin\jdk8u181\11358\hotspot\src\share\vm\prims\jvm.cpp, line 1435]
Event: 1.933 Thread 0x0000000002829800 Exception <a 'java/security/PrivilegedActionException'> (0x00000000d5b21530) thrown at [C:\re\workspace\8-2-build-windows-amd64-cygwin\jdk8u181\11358\hotspot\src\share\vm\prims\jvm.cpp, line 1435]
Event: 1.933 Thread 0x0000000002829800 Exception <a 'java/security/PrivilegedActionException'> (0x00000000d5b37728) thrown at [C:\re\workspace\8-2-build-windows-amd64-cygwin\jdk8u181\11358\hotspot\src\share\vm\prims\jvm.cpp, line 1435]
Event: 1.933 Thread 0x0000000002829800 Exception <a 'java/security/PrivilegedActionException'> (0x00000000d5b37b20) thrown at [C:\re\workspace\8-2-build-windows-amd64-cygwin\jdk8u181\11358\hotspot\src\share\vm\prims\jvm.cpp, line 1435]
Event: 1.943 Thread 0x0000000002829800 Exception <a 'java/security/PrivilegedActionException'> (0x00000000d5e1e4b0) thrown at [C:\re\workspace\8-2-build-windows-amd64-cygwin\jdk8u181\11358\hotspot\src\share\vm\prims\jvm.cpp, line 1435]
Event: 1.943 Thread 0x0000000002829800 Exception <a 'java/security/PrivilegedActionException'> (0x00000000d5e1e8a8) thrown at [C:\re\workspace\8-2-build-windows-amd64-cygwin\jdk8u181\11358\hotspot\src\share\vm\prims\jvm.cpp, line 1435]
Event: 1.943 Thread 0x0000000002829800 Exception <a 'java/security/PrivilegedActionException'> (0x00000000d5e33d18) thrown at [C:\re\workspace\8-2-build-windows-amd64-cygwin\jdk8u181\11358\hotspot\src\share\vm\prims\jvm.cpp, line 1435]
Event: 1.943 Thread 0x0000000002829800 Exception <a 'java/security/PrivilegedActionException'> (0x00000000d5e34110) thrown at [C:\re\workspace\8-2-build-windows-amd64-cygwin\jdk8u181\11358\hotspot\src\share\vm\prims\jvm.cpp, line 1435]

Events (10 events):
Event: 1.944 loading class com/kms/katalon/core$testng$keyword$internal$TestNGDriverCleaner
Event: 1.944 loading class com/kms/katalon/core$testng$keyword$internal$TestNGDriverCleaner done
Event: 1.945 loading class com/kms/katalon/core/testng$keyword$internal$TestNGDriverCleaner
Event: 1.945 loading class com/kms/katalon/core/testng$keyword$internal$TestNGDriverCleaner done
Event: 1.945 loading class com/kms/katalon/core/testng/keyword$internal$TestNGDriverCleaner
Event: 1.945 loading class com/kms/katalon/core/testng/keyword$internal$TestNGDriverCleaner done
Event: 1.946 loading class com/kms/katalon/core/testng/keyword/internal$TestNGDriverCleaner
Event: 1.946 loading class com/kms/katalon/core/testng/keyword/internal$TestNGDriverCleaner done
Event: 1.951 loading class groovy/lang/GroovyObject$com$kms$katalon$core$main$TestCaseMain
Event: 1.951 loading class groovy/lang/GroovyObject$com$kms$katalon$core$main$TestCaseMain done


Dynamic libraries:
0x00007ff6a4460000 - 0x00007ff6a4497000 	D:\Katalon_Studio\jre\bin\javaw.exe
0x00007ffbecf70000 - 0x00007ffbed132000 	C:\Windows\SYSTEM32\ntdll.dll
0x00007ffbec570000 - 0x00007ffbec61d000 	C:\Windows\system32\KERNEL32.DLL
0x00007ffbea3b0000 - 0x00007ffbea58d000 	C:\Windows\system32\KERNELBASE.dll
0x00007ffbebc20000 - 0x00007ffbebcc6000 	C:\Windows\system32\ADVAPI32.dll
0x00007ffbebce0000 - 0x00007ffbebd7d000 	C:\Windows\system32\msvcrt.dll
0x00007ffbec130000 - 0x00007ffbec18b000 	C:\Windows\system32\sechost.dll
0x00007ffbebd80000 - 0x00007ffbebea6000 	C:\Windows\system32\RPCRT4.dll
0x00007ffbec980000 - 0x00007ffbecace000 	C:\Windows\system32\USER32.dll
0x00007ffbecb40000 - 0x00007ffbeccc5000 	C:\Windows\system32\GDI32.dll
0x00007ffbcd5e0000 - 0x00007ffbcd854000 	C:\Windows\WinSxS\amd64_microsoft.windows.common-controls_6595b64144ccf1df_6.0.10240.16384_none_f41f7b285750ef43\COMCTL32.dll
0x00007ffbec360000 - 0x00007ffbec396000 	C:\Windows\system32\IMM32.DLL
0x00007ffbec3a0000 - 0x00007ffbec4fc000 	C:\Windows\system32\MSCTF.dll
0x0000000069850000 - 0x0000000069922000 	D:\Katalon_Studio\jre\bin\msvcr100.dll
0x0000000069930000 - 0x000000006a1d2000 	D:\Katalon_Studio\jre\bin\server\jvm.dll
0x00007ffbebcd0000 - 0x00007ffbebcd8000 	C:\Windows\system32\PSAPI.DLL
0x00007ffbdf330000 - 0x00007ffbdf339000 	C:\Windows\SYSTEM32\WSOCK32.dll
0x00007ffbec500000 - 0x00007ffbec569000 	C:\Windows\system32\WS2_32.dll
0x00007ffbeccd0000 - 0x00007ffbeccd8000 	C:\Windows\system32\NSI.dll
0x00007ffbdff00000 - 0x00007ffbdff23000 	C:\Windows\SYSTEM32\WINMM.dll
0x00007ffbe4590000 - 0x00007ffbe459a000 	C:\Windows\SYSTEM32\VERSION.dll
0x00007ffbdfeb0000 - 0x00007ffbdfedc000 	C:\Windows\SYSTEM32\WINMMBASE.dll
0x00007ffbe9c70000 - 0x00007ffbe9cb4000 	C:\Windows\system32\cfgmgr32.dll
0x00007ffbe8270000 - 0x00007ffbe8297000 	C:\Windows\SYSTEM32\DEVOBJ.dll
0x000000006a910000 - 0x000000006a91f000 	D:\Katalon_Studio\jre\bin\verify.dll
0x000000006a8e0000 - 0x000000006a909000 	D:\Katalon_Studio\jre\bin\java.dll
0x000000006a8c0000 - 0x000000006a8d6000 	D:\Katalon_Studio\jre\bin\zip.dll
0x00007ffbea640000 - 0x00007ffbebb65000 	C:\Windows\system32\SHELL32.dll
0x00007ffbe9cc0000 - 0x00007ffbea2e8000 	C:\Windows\system32\windows.storage.dll
0x00007ffbebeb0000 - 0x00007ffbec12c000 	C:\Windows\system32\combase.dll
0x00007ffbecce0000 - 0x00007ffbecd31000 	C:\Windows\system32\shlwapi.dll
0x00007ffbe99c0000 - 0x00007ffbe99cf000 	C:\Windows\system32\kernel.appcore.dll
0x00007ffbea2f0000 - 0x00007ffbea3a3000 	C:\Windows\system32\shcore.dll
0x00007ffbe99f0000 - 0x00007ffbe9a3a000 	C:\Windows\system32\powrprof.dll
0x00007ffbe99d0000 - 0x00007ffbe99e3000 	C:\Windows\system32\profapi.dll

VM Arguments:
jvm_args: -Dgroovy.home=C:\Users\lamhe/.groovy -Djava.system.class.loader=groovy.lang.GroovyClassLoader -Xmx2048m -Dfile.encoding=UTF-8 
java_command: org.codehaus.groovy.tools.GroovyStarter --classpath D:\Projet Test Auto\Mediabox Test Automation\bin\keyword;D:\Projet Test Auto\Mediabox Test Automation\Keywords;D:\Projet Test Auto\Mediabox Test Automation\bin\listener;D:\Projet Test Auto\Mediabox Test Automation\Test Listeners;D:\Projet Test Auto\Mediabox Test Automation\bin\lib;D:\Projet Test Auto\Mediabox Test Automation\Libs;D:\Projet Test Auto\Mediabox Test Automation\bin\groovy;D:\Projet Test Auto\Mediabox Test Automation\Include\scripts\groovy;D:\Katalon_Studio\plugins\com.kms.katalon.core_1.0.0.202201190711.jar;D:\Katalon_Studio\configuration\resources\lib\aalto-xml-1.0.0.jar;D:\Katalon_Studio\configuration\resources\lib\aspectjweaver-1.9.1.jar;D:\Katalon_Studio\configuration\resources\lib\bcpkix-jdk15on-1.64.jar;D:\Katalon_Studio\configuration\resources\lib\bcprov-jdk15on-1.64.jar;D:\Katalon_Studio\configuration\resources\lib\browsermob-core-2.1.5.jar;D:\Katalon_Studio\configuration\resources\lib\cglib-3.2.10.jar;D:\Katalon_Studio\configuration\resources\lib\commons-codec-1.10.jar;D:\Katalon_Studio\configuration\resources\lib\commons-collections4-4.1.jar;D:\Katalon_Studio\configuration\resources\lib\commons-validator-1.6.jar;D:\Katalon_Studio\configuration\resources\lib\curvesapi-1.04.jar;D:\Katalon_Studio\configuration\resources\lib\dnsjava-2.1.8.jar;D:\Katalon_Studio\configuration\resources\lib\java-client-7.0.0.jar;D:\Katalon_Studio\configuration\resources\lib\jna-4.1.0.jar;D:\Katalon_Studio\configuration\resources\lib\jna-platform-4.1.0.jar;D:\Katalon_Studio\configuration\resources\lib\jzlib-1.1.3.jar;D:\Katalon_Studio\configuration\resources\lib\kat-server.jar;D:\Katalon_Studio\configuration\resources\lib\littleproxy-1.1.0-beta-bmp-17.jar;D:\Katalon_Studio\configuration\resources\lib\mitm-2.1.5.jar;D:\Katalon_Studio\configuration\resources\lib\netty-all-4.1.70.Final.jar;D:\Katalon_Studio\configuration\resources\lib\poi-3.17.jar;D:\Katalon_Studio\configuration\resources\lib\poi-ooxml-3
java_class_path (initial): D:\Projet Test Auto\Mediabox Test Automation\bin\keyword;D:\Projet Test Auto\Mediabox Test Automation\bin\listener;D:\Projet Test Auto\Mediabox Test Automation\bin\lib;D:\Projet Test Auto\Mediabox Test Automation\bin\groovy;D:\Projet Test Auto\Mediabox Test Automation\bin;D:\Katalon_Studio\plugins\com.kms.katalon.core_1.0.0.202201190711.jar;D:\Katalon_Studio\configuration\resources\lib\aalto-xml-1.0.0.jar;D:\Katalon_Studio\configuration\resources\lib\aspectjweaver-1.9.1.jar;D:\Katalon_Studio\configuration\resources\lib\bcpkix-jdk15on-1.64.jar;D:\Katalon_Studio\configuration\resources\lib\bcprov-jdk15on-1.64.jar;D:\Katalon_Studio\configuration\resources\lib\browsermob-core-2.1.5.jar;D:\Katalon_Studio\configuration\resources\lib\cglib-3.2.10.jar;D:\Katalon_Studio\configuration\resources\lib\commons-codec-1.10.jar;D:\Katalon_Studio\configuration\resources\lib\commons-collections4-4.1.jar;D:\Katalon_Studio\configuration\resources\lib\commons-validator-1.6.jar;D:\Katalon_Studio\configuration\resources\lib\curvesapi-1.04.jar;D:\Katalon_Studio\configuration\resources\lib\dnsjava-2.1.8.jar;D:\Katalon_Studio\configuration\resources\lib\java-client-7.0.0.jar;D:\Katalon_Studio\configuration\resources\lib\jna-4.1.0.jar;D:\Katalon_Studio\configuration\resources\lib\jna-platform-4.1.0.jar;D:\Katalon_Studio\configuration\resources\lib\jzlib-1.1.3.jar;D:\Katalon_Studio\configuration\resources\lib\kat-server.jar;D:\Katalon_Studio\configuration\resources\lib\littleproxy-1.1.0-beta-bmp-17.jar;D:\Katalon_Studio\configuration\resources\lib\mitm-2.1.5.jar;D:\Katalon_Studio\configuration\resources\lib\netty-all-4.1.70.Final.jar;D:\Katalon_Studio\configuration\resources\lib\poi-3.17.jar;D:\Katalon_Studio\configuration\resources\lib\poi-ooxml-3.17.jar;D:\Katalon_Studio\configuration\resources\lib\poi-ooxml-schemas-3.17.jar;D:\Katalon_Studio\configuration\resources\lib\proxy-vole-1.0.4-SNAPSHOT-jar-with-dependencies.jar;D:\Katalon_Studio\configuration\resources\l
Launcher Type: SUN_STANDARD

Environment Variables:
PATH=D:/Katalon_Studio/jre/bin/server;D:/Katalon_Studio/jre/bin;D:/Katalon_Studio/jre/lib/amd64;C:\Windows\system32;C:\Windows;C:\Windows\System32\Wbem;C:\Windows\System32\WindowsPowerShell\v1.0\;C:\Program Files\Git\cmd;D:\Katalon_Studio;
USERNAME=lamhe
OS=Windows_NT
PROCESSOR_IDENTIFIER=Intel64 Family 6 Model 63 Stepping 2, GenuineIntel



---------------  S Y S T E M  ---------------

OS: Windows 10.0 , 64 bit Build 10240 (10.0.10240.16384)

CPU:total 2 (initial active 2) (1 cores per cpu, 1 threads per core) family 6 model 63 stepping 2, cmov, cx8, fxsr, mmx, sse, sse2, sse3, ssse3, sse4.1, sse4.2, popcnt, avx, avx2, aes, clmul, erms, lzcnt, tsc, tscinvbit, bmi1, bmi2

Memory: 4k page, physical 8388148k(1489796k free), swap 21431016k(5244k free)

vm_info: Java HotSpot(TM) 64-Bit Server VM (25.181-b13) for windows-amd64 JRE (1.8.0_181-b13), built on Jul  7 2018 04:01:33 by "java_re" with MS VC++ 10.0 (VS2010)

time: Thu Apr 28 11:57:46 2022
elapsed time: 2 seconds (0d 0h 0m 2s)

